<ShowPlanXML xmlns="http://schemas.microsoft.com/sqlserver/2004/07/showplan" Version="1.599" Build="17.0.924.10217"><BatchSequence><Batch><Statements><StmtSimple StatementText="SELECT c.PESEL, c.Nazwisko&#xd;&#xa;FROM Czytelnik c WHERE c.Czytelnik_ID IN (&#xd;&#xa;    SELECT w.Czytelnik_ID FROM Wypozyczenie w WHERE w.Egzemplarz_ID IN (&#xd;&#xa;        SELECT e.Egzemplarz_ID FROM Egzemplarz e WHERE e.Ksiazka_ID IN (&#xd;&#xa;            SELECT k.Ksiazka_ID FROM Ksiazka k )&#xd;&#xa;        )&#xd;&#xa;    )" StatementId="1" StatementCompId="1" StatementType="SELECT" RetrievedFromCache="false" StatementSubTreeCost="0.0196768" StatementEstRows="3" SecurityPolicyApplied="false" StatementOptmLevel="FULL" QueryHash="0x603E33619E92CEB1" QueryPlanHash="0xAD73C5305EA9276B" StatementOptmEarlyAbortReason="GoodEnoughPlanFound" CardinalityEstimationModelVersion="170"><StatementSetOptions QUOTED_IDENTIFIER="true" ARITHABORT="true" CONCAT_NULL_YIELDS_NULL="true" ANSI_NULLS="true" ANSI_PADDING="true" ANSI_WARNINGS="true" NUMERIC_ROUNDABORT="false"></StatementSetOptions><QueryPlan CachedPlanSize="40" CompileTime="10" CompileCPU="10" CompileMemory="728"><MemoryGrantInfo SerialRequiredMemory="0" SerialDesiredMemory="0" GrantedMemory="0" MaxUsedMemory="0"></MemoryGrantInfo><OptimizerHardwareDependentProperties EstimatedAvailableMemoryGrant="157286" EstimatedPagesCached="19660" EstimatedAvailableDegreeOfParallelism="2" MaxCompileMemory="1199408"></OptimizerHardwareDependentProperties><OptimizerStatsUsage><StatisticsInfo LastUpdate="2025-10-23T20:00:28.29" ModificationCount="0" SamplingPercent="100" Statistics="[Ksiazka_PK]" Table="[Ksiazka]" Schema="[dbo]" Database="[b497d7aa-7bbd-40ec-b4ed-86a63ff44a8a]"></StatisticsInfo><StatisticsInfo LastUpdate="2025-11-20T22:48:23.32" ModificationCount="0" SamplingPercent="100" Statistics="[_WA_Sys_00000003_04E4BC85]" Table="[Wypozyczenie]" Schema="[dbo]" Database="[b497d7aa-7bbd-40ec-b4ed-86a63ff44a8a]"></StatisticsInfo><StatisticsInfo LastUpdate="2025-11-20T22:48:23.33" ModificationCount="0" SamplingPercent="100" Statistics="[Egzemplarz_UK_Sygnatura]" Table="[Egzemplarz]" Schema="[dbo]" Database="[b497d7aa-7bbd-40ec-b4ed-86a63ff44a8a]"></StatisticsInfo><StatisticsInfo LastUpdate="2025-11-20T22:48:23.31" ModificationCount="0" SamplingPercent="100" Statistics="[_WA_Sys_00000003_7E37BEF6]" Table="[Egzemplarz]" Schema="[dbo]" Database="[b497d7aa-7bbd-40ec-b4ed-86a63ff44a8a]"></StatisticsInfo><StatisticsInfo LastUpdate="2025-10-23T20:00:28.33" ModificationCount="0" SamplingPercent="100" Statistics="[Egzemplarz_PK]" Table="[Egzemplarz]" Schema="[dbo]" Database="[b497d7aa-7bbd-40ec-b4ed-86a63ff44a8a]"></StatisticsInfo><StatisticsInfo LastUpdate="2025-10-23T20:00:28.33" ModificationCount="5" SamplingPercent="100" Statistics="[Czytelnik_PK]" Table="[Czytelnik]" Schema="[dbo]" Database="[b497d7aa-7bbd-40ec-b4ed-86a63ff44a8a]"></StatisticsInfo><StatisticsInfo LastUpdate="2025-10-23T20:30:16.67" ModificationCount="0" SamplingPercent="100" Statistics="[_WA_Sys_00000002_04E4BC85]" Table="[Wypozyczenie]" Schema="[dbo]" Database="[b497d7aa-7bbd-40ec-b4ed-86a63ff44a8a]"></StatisticsInfo></OptimizerStatsUsage><RelOp NodeId="0" PhysicalOp="Nested Loops" LogicalOp="Left Semi Join" EstimateRows="3" EstimateIO="0" EstimateCPU="3.344e-05" AvgRowSize="37" EstimatedTotalSubtreeCost="0.0196768" Parallel="0" EstimateRebinds="0" EstimateRewinds="0" EstimatedExecutionMode="Row"><OutputList><ColumnReference Database="[dbv2]" Schema="[dbo]" Table="[Czytelnik]" Alias="[c]" Column="PESEL"></ColumnReference><ColumnReference Database="[dbv2]" Schema="[dbo]" Table="[Czytelnik]" Alias="[c]" Column="Nazwisko"></ColumnReference></OutputList><NestedLoops Optimized="0"><OuterReferences><ColumnReference Database="[dbv2]" Schema="[dbo]" Table="[Czytelnik]" Alias="[c]" Column="Czytelnik_ID"></ColumnReference></OuterReferences><RelOp NodeId="1" PhysicalOp="Clustered Index Scan" LogicalOp="Clustered Index Scan" EstimateRows="8" EstimatedRowsRead="8" EstimateIO="0.003125" EstimateCPU="0.0001658" AvgRowSize="41" EstimatedTotalSubtreeCost="0.0032908" TableCardinality="8" Parallel="0" EstimateRebinds="0" EstimateRewinds="0" EstimatedExecutionMode="Row"><OutputList><ColumnReference Database="[dbv2]" Schema="[dbo]" Table="[Czytelnik]" Alias="[c]" Column="Czytelnik_ID"></ColumnReference><ColumnReference Database="[dbv2]" Schema="[dbo]" Table="[Czytelnik]" Alias="[c]" Column="PESEL"></ColumnReference><ColumnReference Database="[dbv2]" Schema="[dbo]" Table="[Czytelnik]" Alias="[c]" Column="Nazwisko"></ColumnReference></OutputList><IndexScan Ordered="0" ForcedIndex="0" ForceScan="0" NoExpandHint="0" Storage="RowStore"><DefinedValues><DefinedValue><ColumnReference Database="[dbv2]" Schema="[dbo]" Table="[Czytelnik]" Alias="[c]" Column="Czytelnik_ID"></ColumnReference></DefinedValue><DefinedValue><ColumnReference Database="[dbv2]" Schema="[dbo]" Table="[Czytelnik]" Alias="[c]" Column="PESEL"></ColumnReference></DefinedValue><DefinedValue><ColumnReference Database="[dbv2]" Schema="[dbo]" Table="[Czytelnik]" Alias="[c]" Column="Nazwisko"></ColumnReference></DefinedValue></DefinedValues><Object Database="[dbv2]" Schema="[dbo]" Table="[Czytelnik]" Index="[Czytelnik_PK]" Alias="[c]" IndexKind="Clustered" Storage="RowStore"></Object></IndexScan></RelOp><RelOp NodeId="3" PhysicalOp="Nested Loops" LogicalOp="Left Semi Join" EstimateRows="2.70833" EstimateRowsWithoutRowGoal="4.33333" EstimateIO="0" EstimateCPU="5.434e-05" AvgRowSize="9" EstimatedTotalSubtreeCost="0.0163526" Parallel="0" EstimateRebinds="7" EstimateRewinds="0" EstimatedExecutionMode="Row"><OutputList></OutputList><NestedLoops Optimized="0"><Predicate><ScalarOperator ScalarString="[dbv2].[dbo].[Egzemplarz].[Ksiazka_ID] as [e].[Ksiazka_ID]=[dbv2].[dbo].[Ksiazka].[Ksiazka_ID] as [k].[Ksiazka_ID]"><Compare CompareOp="EQ"><ScalarOperator><Identifier><ColumnReference Database="[dbv2]" Schema="[dbo]" Table="[Egzemplarz]" Alias="[e]" Column="Ksiazka_ID"></ColumnReference></Identifier></ScalarOperator><ScalarOperator><Identifier><ColumnReference Database="[dbv2]" Schema="[dbo]" Table="[Ksiazka]" Alias="[k]" Column="Ksiazka_ID"></ColumnReference></Identifier></ScalarOperator></Compare></ScalarOperator></Predicate><RelOp NodeId="4" PhysicalOp="Nested Loops" LogicalOp="Inner Join" EstimateRows="2.70833" EstimateRowsWithoutRowGoal="4.33333" EstimateIO="0" EstimateCPU="1.81133e-05" AvgRowSize="11" EstimatedTotalSubtreeCost="0.0110496" Parallel="0" EstimateRebinds="7" EstimateRewinds="0" EstimatedExecutionMode="Row"><OutputList><ColumnReference Database="[dbv2]" Schema="[dbo]" Table="[Egzemplarz]" Alias="[e]" Column="Ksiazka_ID"></ColumnReference></OutputList><NestedLoops Optimized="0"><OuterReferences><ColumnReference Database="[dbv2]" Schema="[dbo]" Table="[Wypozyczenie]" Alias="[w]" Column="Egzemplarz_ID"></ColumnReference></OuterReferences><RelOp NodeId="5" PhysicalOp="Clustered Index Scan" LogicalOp="Clustered Index Scan" EstimateRows="2.70833" EstimateRowsWithoutRowGoal="4.33333" EstimatedRowsRead="8.125" EstimateIO="0.0032035" EstimateCPU="9.28e-05" AvgRowSize="15" EstimatedTotalSubtreeCost="0.003903" TableCardinality="13" Parallel="0" EstimateRebinds="0" EstimateRewinds="7" EstimatedExecutionMode="Row"><OutputList><ColumnReference Database="[dbv2]" Schema="[dbo]" Table="[Wypozyczenie]" Alias="[w]" Column="Egzemplarz_ID"></ColumnReference></OutputList><IndexScan Ordered="0" ForcedIndex="0" ForceScan="0" NoExpandHint="0" Storage="RowStore"><DefinedValues><DefinedValue><ColumnReference Database="[dbv2]" Schema="[dbo]" Table="[Wypozyczenie]" Alias="[w]" Column="Egzemplarz_ID"></ColumnReference></DefinedValue></DefinedValues><Object Database="[dbv2]" Schema="[dbo]" Table="[Wypozyczenie]" Index="[Wypozyczenie_PK]" Alias="[w]" IndexKind="Clustered" Storage="RowStore"></Object><Predicate><ScalarOperator ScalarString="[dbv2].[dbo].[Czytelnik].[Czytelnik_ID] as [c].[Czytelnik_ID]=[dbv2].[dbo].[Wypozyczenie].[Czytelnik_ID] as [w].[Czytelnik_ID]"><Compare CompareOp="EQ"><ScalarOperator><Identifier><ColumnReference Database="[dbv2]" Schema="[dbo]" Table="[Czytelnik]" Alias="[c]" Column="Czytelnik_ID"></ColumnReference></Identifier></ScalarOperator><ScalarOperator><Identifier><ColumnReference Database="[dbv2]" Schema="[dbo]" Table="[Wypozyczenie]" Alias="[w]" Column="Czytelnik_ID"></ColumnReference></Identifier></ScalarOperator></Compare></ScalarOperator></Predicate></IndexScan></RelOp><RelOp NodeId="6" PhysicalOp="Clustered Index Seek" LogicalOp="Clustered Index Seek" EstimateRows="1" EstimatedRowsRead="1" EstimateIO="0.003125" EstimateCPU="0.0001581" AvgRowSize="11" EstimatedTotalSubtreeCost="0.00813102" TableCardinality="14" Parallel="0" EstimateRebinds="25.2469" EstimateRewinds="5.41667" EstimatedExecutionMode="Row"><OutputList><ColumnReference Database="[dbv2]" Schema="[dbo]" Table="[Egzemplarz]" Alias="[e]" Column="Ksiazka_ID"></ColumnReference></OutputList><IndexScan Ordered="1" ScanDirection="FORWARD" ForcedIndex="0" ForceSeek="0" ForceScan="0" NoExpandHint="0" Storage="RowStore"><DefinedValues><DefinedValue><ColumnReference Database="[dbv2]" Schema="[dbo]" Table="[Egzemplarz]" Alias="[e]" Column="Ksiazka_ID"></ColumnReference></DefinedValue></DefinedValues><Object Database="[dbv2]" Schema="[dbo]" Table="[Egzemplarz]" Index="[Egzemplarz_PK]" Alias="[e]" IndexKind="Clustered" Storage="RowStore"></Object><SeekPredicates><SeekPredicateNew><SeekKeys><Prefix ScanType="EQ"><RangeColumns><ColumnReference Database="[dbv2]" Schema="[dbo]" Table="[Egzemplarz]" Alias="[e]" Column="Egzemplarz_ID"></ColumnReference></RangeColumns><RangeExpressions><ScalarOperator ScalarString="[dbv2].[dbo].[Wypozyczenie].[Egzemplarz_ID] as [w].[Egzemplarz_ID]"><Identifier><ColumnReference Database="[dbv2]" Schema="[dbo]" Table="[Wypozyczenie]" Alias="[w]" Column="Egzemplarz_ID"></ColumnReference></Identifier></ScalarOperator></RangeExpressions></Prefix></SeekKeys></SeekPredicateNew></SeekPredicates></IndexScan></RelOp></NestedLoops></RelOp><RelOp NodeId="7" PhysicalOp="Clustered Index Scan" LogicalOp="Clustered Index Scan" EstimateRows="6" EstimatedRowsRead="6" EstimateIO="0.0032035" EstimateCPU="8.51e-05" AvgRowSize="11" EstimatedTotalSubtreeCost="0.00490195" TableCardinality="6" Parallel="0" EstimateRebinds="0" EstimateRewinds="18.9583" EstimatedExecutionMode="Row"><OutputList><ColumnReference Database="[dbv2]" Schema="[dbo]" Table="[Ksiazka]" Alias="[k]" Column="Ksiazka_ID"></ColumnReference></OutputList><IndexScan Ordered="0" ForcedIndex="0" ForceScan="0" NoExpandHint="0" Storage="RowStore"><DefinedValues><DefinedValue><ColumnReference Database="[dbv2]" Schema="[dbo]" Table="[Ksiazka]" Alias="[k]" Column="Ksiazka_ID"></ColumnReference></DefinedValue></DefinedValues><Object Database="[dbv2]" Schema="[dbo]" Table="[Ksiazka]" Index="[Ksiazka_PK]" Alias="[k]" IndexKind="Clustered" Storage="RowStore"></Object></IndexScan></RelOp></NestedLoops></RelOp></NestedLoops></RelOp></QueryPlan></StmtSimple></Statements></Batch></BatchSequence></ShowPlanXML>