<ShowPlanXML xmlns="http://schemas.microsoft.com/sqlserver/2004/07/showplan" Version="1.599" Build="17.0.924.10217"><BatchSequence><Batch><Statements><StmtSimple StatementText="SELECT DISTINCT c.PESEL, c.Nazwisko&#xd;&#xa;FROM Egzemplarz e&#xd;&#xa;JOIN Ksiazka k ON e.Ksiazka_ID = k.Ksiazka_ID&#xd;&#xa;JOIN Wypozyczenie w ON e.Egzemplarz_ID = w.Egzemplarz_ID&#xd;&#xa;JOIN Czytelnik c ON c.Czytelnik_ID = w.Czytelnik_ID" StatementId="1" StatementCompId="1" StatementType="SELECT" StatementSqlHandle="0x09004DB7FE73FB8F85D6F125094CA4E53FF70000000000000000000000000000000000000000000000000000" DatabaseContextSettingsId="4" ParentObjectId="0" StatementParameterizationType="0" RetrievedFromCache="true" StatementSubTreeCost="0.0304366" StatementEstRows="3" SecurityPolicyApplied="false" StatementOptmLevel="FULL" QueryHash="0x5142BCD58935F377" QueryPlanHash="0x4E04C670E9352822" StatementOptmEarlyAbortReason="GoodEnoughPlanFound" CardinalityEstimationModelVersion="170"><StatementSetOptions QUOTED_IDENTIFIER="true" ARITHABORT="true" CONCAT_NULL_YIELDS_NULL="true" ANSI_NULLS="true" ANSI_PADDING="true" ANSI_WARNINGS="true" NUMERIC_ROUNDABORT="false"></StatementSetOptions><QueryPlan CachedPlanSize="40" CompileTime="26" CompileCPU="7" CompileMemory="472"><MemoryGrantInfo SerialRequiredMemory="512" SerialDesiredMemory="544" GrantedMemory="0" MaxUsedMemory="0"></MemoryGrantInfo><OptimizerHardwareDependentProperties EstimatedAvailableMemoryGrant="157286" EstimatedPagesCached="19660" EstimatedAvailableDegreeOfParallelism="2" MaxCompileMemory="1229768"></OptimizerHardwareDependentProperties><OptimizerStatsUsage><StatisticsInfo LastUpdate="2025-10-23T20:00:28.29" ModificationCount="0" SamplingPercent="100" Statistics="[Ksiazka_PK]" Table="[Ksiazka]" Schema="[dbo]" Database="[b497d7aa-7bbd-40ec-b4ed-86a63ff44a8a]"></StatisticsInfo><StatisticsInfo LastUpdate="2025-11-20T22:48:23.32" ModificationCount="0" SamplingPercent="100" Statistics="[_WA_Sys_00000003_04E4BC85]" Table="[Wypozyczenie]" Schema="[dbo]" Database="[b497d7aa-7bbd-40ec-b4ed-86a63ff44a8a]"></StatisticsInfo><StatisticsInfo LastUpdate="2025-11-20T22:48:23.33" ModificationCount="0" SamplingPercent="100" Statistics="[Egzemplarz_UK_Sygnatura]" Table="[Egzemplarz]" Schema="[dbo]" Database="[b497d7aa-7bbd-40ec-b4ed-86a63ff44a8a]"></StatisticsInfo><StatisticsInfo LastUpdate="2025-11-20T22:48:23.31" ModificationCount="0" SamplingPercent="100" Statistics="[_WA_Sys_00000003_7E37BEF6]" Table="[Egzemplarz]" Schema="[dbo]" Database="[b497d7aa-7bbd-40ec-b4ed-86a63ff44a8a]"></StatisticsInfo><StatisticsInfo LastUpdate="2025-10-23T20:30:16.68" ModificationCount="5" SamplingPercent="100" Statistics="[Czytelnik_UK_PESEL]" Table="[Czytelnik]" Schema="[dbo]" Database="[b497d7aa-7bbd-40ec-b4ed-86a63ff44a8a]"></StatisticsInfo><StatisticsInfo LastUpdate="2025-10-23T20:00:28.33" ModificationCount="0" SamplingPercent="100" Statistics="[Egzemplarz_PK]" Table="[Egzemplarz]" Schema="[dbo]" Database="[b497d7aa-7bbd-40ec-b4ed-86a63ff44a8a]"></StatisticsInfo><StatisticsInfo LastUpdate="2025-10-23T20:00:28.33" ModificationCount="5" SamplingPercent="100" Statistics="[Czytelnik_PK]" Table="[Czytelnik]" Schema="[dbo]" Database="[b497d7aa-7bbd-40ec-b4ed-86a63ff44a8a]"></StatisticsInfo><StatisticsInfo LastUpdate="2025-10-23T20:30:16.67" ModificationCount="0" SamplingPercent="100" Statistics="[_WA_Sys_00000002_04E4BC85]" Table="[Wypozyczenie]" Schema="[dbo]" Database="[b497d7aa-7bbd-40ec-b4ed-86a63ff44a8a]"></StatisticsInfo></OptimizerStatsUsage><RelOp NodeId="0" PhysicalOp="Sort" LogicalOp="Distinct Sort" EstimateRows="3" EstimateIO="0.0112613" EstimateCPU="0.000175082" AvgRowSize="37" EstimatedTotalSubtreeCost="0.0304366" Parallel="0" EstimateRebinds="0" EstimateRewinds="0" EstimatedExecutionMode="Row"><OutputList><ColumnReference Database="[dbv2]" Schema="[dbo]" Table="[Czytelnik]" Alias="[c]" Column="PESEL"></ColumnReference><ColumnReference Database="[dbv2]" Schema="[dbo]" Table="[Czytelnik]" Alias="[c]" Column="Nazwisko"></ColumnReference></OutputList><MemoryFractions Input="1" Output="1"></MemoryFractions><Sort Distinct="1"><OrderBy><OrderByColumn Ascending="1"><ColumnReference Database="[dbv2]" Schema="[dbo]" Table="[Czytelnik]" Alias="[c]" Column="PESEL"></ColumnReference></OrderByColumn></OrderBy><RelOp NodeId="1" PhysicalOp="Nested Loops" LogicalOp="Inner Join" EstimateRows="13" EstimateIO="0" EstimateCPU="5.434e-05" AvgRowSize="37" EstimatedTotalSubtreeCost="0.0190002" Parallel="0" EstimateRebinds="0" EstimateRewinds="0" EstimatedExecutionMode="Row"><OutputList><ColumnReference Database="[dbv2]" Schema="[dbo]" Table="[Czytelnik]" Alias="[c]" Column="PESEL"></ColumnReference><ColumnReference Database="[dbv2]" Schema="[dbo]" Table="[Czytelnik]" Alias="[c]" Column="Nazwisko"></ColumnReference></OutputList><NestedLoops Optimized="0"><OuterReferences><ColumnReference Database="[dbv2]" Schema="[dbo]" Table="[Egzemplarz]" Alias="[e]" Column="Ksiazka_ID"></ColumnReference></OuterReferences><RelOp NodeId="2" PhysicalOp="Nested Loops" LogicalOp="Inner Join" EstimateRows="13" EstimateIO="0" EstimateCPU="5.434e-05" AvgRowSize="41" EstimatedTotalSubtreeCost="0.0137656" Parallel="0" EstimateRebinds="0" EstimateRewinds="0" EstimatedExecutionMode="Row"><OutputList><ColumnReference Database="[dbv2]" Schema="[dbo]" Table="[Egzemplarz]" Alias="[e]" Column="Ksiazka_ID"></ColumnReference><ColumnReference Database="[dbv2]" Schema="[dbo]" Table="[Czytelnik]" Alias="[c]" Column="PESEL"></ColumnReference><ColumnReference Database="[dbv2]" Schema="[dbo]" Table="[Czytelnik]" Alias="[c]" Column="Nazwisko"></ColumnReference></OutputList><NestedLoops Optimized="0"><OuterReferences><ColumnReference Database="[dbv2]" Schema="[dbo]" Table="[Wypozyczenie]" Alias="[w]" Column="Czytelnik_ID"></ColumnReference></OuterReferences><RelOp NodeId="3" PhysicalOp="Nested Loops" LogicalOp="Inner Join" EstimateRows="13" EstimateIO="0" EstimateCPU="5.434e-05" AvgRowSize="15" EstimatedTotalSubtreeCost="0.00853094" Parallel="0" EstimateRebinds="0" EstimateRewinds="0" EstimatedExecutionMode="Row"><OutputList><ColumnReference Database="[dbv2]" Schema="[dbo]" Table="[Egzemplarz]" Alias="[e]" Column="Ksiazka_ID"></ColumnReference><ColumnReference Database="[dbv2]" Schema="[dbo]" Table="[Wypozyczenie]" Alias="[w]" Column="Czytelnik_ID"></ColumnReference></OutputList><NestedLoops Optimized="0"><OuterReferences><ColumnReference Database="[dbv2]" Schema="[dbo]" Table="[Wypozyczenie]" Alias="[w]" Column="Egzemplarz_ID"></ColumnReference></OuterReferences><RelOp NodeId="4" PhysicalOp="Clustered Index Scan" LogicalOp="Clustered Index Scan" EstimateRows="13" EstimatedRowsRead="13" EstimateIO="0.003125" EstimateCPU="0.0001713" AvgRowSize="15" EstimatedTotalSubtreeCost="0.0032963" TableCardinality="13" Parallel="0" EstimateRebinds="0" EstimateRewinds="0" EstimatedExecutionMode="Row"><OutputList><ColumnReference Database="[dbv2]" Schema="[dbo]" Table="[Wypozyczenie]" Alias="[w]" Column="Czytelnik_ID"></ColumnReference><ColumnReference Database="[dbv2]" Schema="[dbo]" Table="[Wypozyczenie]" Alias="[w]" Column="Egzemplarz_ID"></ColumnReference></OutputList><IndexScan Ordered="0" ForcedIndex="0" ForceScan="0" NoExpandHint="0" Storage="RowStore"><DefinedValues><DefinedValue><ColumnReference Database="[dbv2]" Schema="[dbo]" Table="[Wypozyczenie]" Alias="[w]" Column="Czytelnik_ID"></ColumnReference></DefinedValue><DefinedValue><ColumnReference Database="[dbv2]" Schema="[dbo]" Table="[Wypozyczenie]" Alias="[w]" Column="Egzemplarz_ID"></ColumnReference></DefinedValue></DefinedValues><Object Database="[dbv2]" Schema="[dbo]" Table="[Wypozyczenie]" Index="[Wypozyczenie_PK]" Alias="[w]" IndexKind="Clustered" Storage="RowStore"></Object></IndexScan></RelOp><RelOp NodeId="5" PhysicalOp="Clustered Index Seek" LogicalOp="Clustered Index Seek" EstimateRows="1" EstimatedRowsRead="1" EstimateIO="0.003125" EstimateCPU="0.0001581" AvgRowSize="11" EstimatedTotalSubtreeCost="0.0051803" TableCardinality="14" Parallel="0" EstimateRebinds="7.53846" EstimateRewinds="4.46154" EstimatedExecutionMode="Row"><OutputList><ColumnReference Database="[dbv2]" Schema="[dbo]" Table="[Egzemplarz]" Alias="[e]" Column="Ksiazka_ID"></ColumnReference></OutputList><IndexScan Ordered="1" ScanDirection="FORWARD" ForcedIndex="0" ForceSeek="0" ForceScan="0" NoExpandHint="0" Storage="RowStore"><DefinedValues><DefinedValue><ColumnReference Database="[dbv2]" Schema="[dbo]" Table="[Egzemplarz]" Alias="[e]" Column="Ksiazka_ID"></ColumnReference></DefinedValue></DefinedValues><Object Database="[dbv2]" Schema="[dbo]" Table="[Egzemplarz]" Index="[Egzemplarz_PK]" Alias="[e]" IndexKind="Clustered" Storage="RowStore"></Object><SeekPredicates><SeekPredicateNew><SeekKeys><Prefix ScanType="EQ"><RangeColumns><ColumnReference Database="[dbv2]" Schema="[dbo]" Table="[Egzemplarz]" Alias="[e]" Column="Egzemplarz_ID"></ColumnReference></RangeColumns><RangeExpressions><ScalarOperator ScalarString="[dbv2].[dbo].[Wypozyczenie].[Egzemplarz_ID] as [w].[Egzemplarz_ID]"><Identifier><ColumnReference Database="[dbv2]" Schema="[dbo]" Table="[Wypozyczenie]" Alias="[w]" Column="Egzemplarz_ID"></ColumnReference></Identifier></ScalarOperator></RangeExpressions></Prefix></SeekKeys></SeekPredicateNew></SeekPredicates></IndexScan></RelOp></NestedLoops></RelOp><RelOp NodeId="6" PhysicalOp="Clustered Index Seek" LogicalOp="Clustered Index Seek" EstimateRows="1" EstimatedRowsRead="1" EstimateIO="0.003125" EstimateCPU="0.0001581" AvgRowSize="37" EstimatedTotalSubtreeCost="0.0051803" TableCardinality="8" Parallel="0" EstimateRebinds="8.46154" EstimateRewinds="3.53846" EstimatedExecutionMode="Row"><OutputList><ColumnReference Database="[dbv2]" Schema="[dbo]" Table="[Czytelnik]" Alias="[c]" Column="PESEL"></ColumnReference><ColumnReference Database="[dbv2]" Schema="[dbo]" Table="[Czytelnik]" Alias="[c]" Column="Nazwisko"></ColumnReference></OutputList><IndexScan Ordered="1" ScanDirection="FORWARD" ForcedIndex="0" ForceSeek="0" ForceScan="0" NoExpandHint="0" Storage="RowStore"><DefinedValues><DefinedValue><ColumnReference Database="[dbv2]" Schema="[dbo]" Table="[Czytelnik]" Alias="[c]" Column="PESEL"></ColumnReference></DefinedValue><DefinedValue><ColumnReference Database="[dbv2]" Schema="[dbo]" Table="[Czytelnik]" Alias="[c]" Column="Nazwisko"></ColumnReference></DefinedValue></DefinedValues><Object Database="[dbv2]" Schema="[dbo]" Table="[Czytelnik]" Index="[Czytelnik_PK]" Alias="[c]" IndexKind="Clustered" Storage="RowStore"></Object><SeekPredicates><SeekPredicateNew><SeekKeys><Prefix ScanType="EQ"><RangeColumns><ColumnReference Database="[dbv2]" Schema="[dbo]" Table="[Czytelnik]" Alias="[c]" Column="Czytelnik_ID"></ColumnReference></RangeColumns><RangeExpressions><ScalarOperator ScalarString="[dbv2].[dbo].[Wypozyczenie].[Czytelnik_ID] as [w].[Czytelnik_ID]"><Identifier><ColumnReference Database="[dbv2]" Schema="[dbo]" Table="[Wypozyczenie]" Alias="[w]" Column="Czytelnik_ID"></ColumnReference></Identifier></ScalarOperator></RangeExpressions></Prefix></SeekKeys></SeekPredicateNew></SeekPredicates></IndexScan></RelOp></NestedLoops></RelOp><RelOp NodeId="7" PhysicalOp="Clustered Index Seek" LogicalOp="Clustered Index Seek" EstimateRows="1" EstimatedRowsRead="1" EstimateIO="0.003125" EstimateCPU="0.0001581" AvgRowSize="9" EstimatedTotalSubtreeCost="0.0051803" TableCardinality="6" Parallel="0" EstimateRebinds="9.35277" EstimateRewinds="2.64723" EstimatedExecutionMode="Row"><OutputList></OutputList><IndexScan Ordered="1" ScanDirection="FORWARD" ForcedIndex="0" ForceSeek="0" ForceScan="0" NoExpandHint="0" Storage="RowStore"><DefinedValues></DefinedValues><Object Database="[dbv2]" Schema="[dbo]" Table="[Ksiazka]" Index="[Ksiazka_PK]" Alias="[k]" IndexKind="Clustered" Storage="RowStore"></Object><SeekPredicates><SeekPredicateNew><SeekKeys><Prefix ScanType="EQ"><RangeColumns><ColumnReference Database="[dbv2]" Schema="[dbo]" Table="[Ksiazka]" Alias="[k]" Column="Ksiazka_ID"></ColumnReference></RangeColumns><RangeExpressions><ScalarOperator ScalarString="[dbv2].[dbo].[Egzemplarz].[Ksiazka_ID] as [e].[Ksiazka_ID]"><Identifier><ColumnReference Database="[dbv2]" Schema="[dbo]" Table="[Egzemplarz]" Alias="[e]" Column="Ksiazka_ID"></ColumnReference></Identifier></ScalarOperator></RangeExpressions></Prefix></SeekKeys></SeekPredicateNew></SeekPredicates></IndexScan></RelOp></NestedLoops></RelOp></Sort></RelOp></QueryPlan></StmtSimple></Statements></Batch></BatchSequence></ShowPlanXML>